[15:12:35] [WARNING] duplicate connection detected: handle id 1 already exists with host = 'localhost', username = 'root' and database = 'new'
[15:19:27] [WARNING] duplicate connection detected: handle id 1 already exists with host = 'localhost', username = 'root' and database = 'new'
[16:16:14] [WARNING] duplicate connection detected: handle id 1 already exists with host = 'localhost', username = 'root' and database = 'new'
[16:20:03] [WARNING] duplicate connection detected: handle id 1 already exists with host = 'localhost', username = 'root' and database = 'new'
[16:25:12] [WARNING] duplicate connection detected: handle id 1 already exists with host = 'localhost', username = 'root' and database = 'new'
[16:26:17] [WARNING] duplicate connection detected: handle id 1 already exists with host = 'localhost', username = 'root' and database = 'new'
[16:27:24] [WARNING] duplicate connection detected: handle id 1 already exists with host = 'localhost', username = 'root' and database = 'new'
[16:35:53] [WARNING] duplicate connection detected: handle id 1 already exists with host = 'localhost', username = 'root' and database = 'new'
[16:37:53] [WARNING] duplicate connection detected: handle id 1 already exists with host = 'localhost', username = 'root' and database = 'new'
[18:49:21] [WARNING] duplicate connection detected: handle id 1 already exists with host = 'localhost', username = 'root' and database = 'new'
[18:49:56] [WARNING] duplicate connection detected: handle id 1 already exists with host = 'localhost', username = 'root' and database = 'new'
[18:50:18] [WARNING] duplicate connection detected: handle id 1 already exists with host = 'localhost', username = 'root' and database = 'new'
[18:50:49] [WARNING] duplicate connection detected: handle id 1 already exists with host = 'localhost', username = 'root' and database = 'new'
[18:51:24] [WARNING] duplicate connection detected: handle id 1 already exists with host = 'localhost', username = 'root' and database = 'new'
[18:52:25] [WARNING] duplicate connection detected: handle id 1 already exists with host = 'localhost', username = 'root' and database = 'new'
[18:53:14] [WARNING] duplicate connection detected: handle id 1 already exists with host = 'localhost', username = 'root' and database = 'new'
[18:54:59] [WARNING] duplicate connection detected: handle id 1 already exists with host = 'localhost', username = 'root' and database = 'new'
[19:03:21] [WARNING] duplicate connection detected: handle id 1 already exists with host = 'localhost', username = 'root' and database = 'new'
[19:14:39] [WARNING] duplicate connection detected: handle id 1 already exists with host = 'localhost', username = 'root' and database = 'new'
[19:16:55] [WARNING] duplicate connection detected: handle id 1 already exists with host = 'localhost', username = 'root' and database = 'new'
[19:23:07] [WARNING] duplicate connection detected: handle id 1 already exists with host = 'localhost', username = 'root' and database = 'new'
[19:24:03] [WARNING] duplicate connection detected: handle id 1 already exists with host = 'localhost', username = 'root' and database = 'new'
[19:28:03] [WARNING] duplicate connection detected: handle id 1 already exists with host = 'localhost', username = 'root' and database = 'new'
[19:32:24] [WARNING] duplicate connection detected: handle id 1 already exists with host = 'localhost', username = 'root' and database = 'new'
[19:35:27] [WARNING] duplicate connection detected: handle id 1 already exists with host = 'localhost', username = 'root' and database = 'new'
[19:36:17] [WARNING] duplicate connection detected: handle id 1 already exists with host = 'localhost', username = 'root' and database = 'new'
[19:45:37] [WARNING] duplicate connection detected: handle id 1 already exists with host = 'localhost', username = 'root' and database = 'new'
[19:47:02] [WARNING] duplicate connection detected: handle id 1 already exists with host = 'localhost', username = 'root' and database = 'new'
[19:47:56] [WARNING] duplicate connection detected: handle id 1 already exists with host = 'localhost', username = 'root' and database = 'new'
[21:05:51] [WARNING] duplicate connection detected: handle id 1 already exists with host = 'localhost', username = 'root' and database = 'new'
[21:07:57] [WARNING] duplicate connection detected: handle id 1 already exists with host = 'localhost', username = 'root' and database = 'new'
[21:12:57] [WARNING] duplicate connection detected: handle id 1 already exists with host = 'localhost', username = 'root' and database = 'new'
[21:13:57] [WARNING] duplicate connection detected: handle id 1 already exists with host = 'localhost', username = 'root' and database = 'new'
[21:14:58] [WARNING] duplicate connection detected: handle id 1 already exists with host = 'localhost', username = 'root' and database = 'new'
[21:15:59] [WARNING] duplicate connection detected: handle id 1 already exists with host = 'localhost', username = 'root' and database = 'new'
[21:17:33] [WARNING] duplicate connection detected: handle id 1 already exists with host = 'localhost', username = 'root' and database = 'new'
[21:18:54] [WARNING] duplicate connection detected: handle id 1 already exists with host = 'localhost', username = 'root' and database = 'new'
[21:20:15] [WARNING] duplicate connection detected: handle id 1 already exists with host = 'localhost', username = 'root' and database = 'new'
[21:20:50] [WARNING] duplicate connection detected: handle id 1 already exists with host = 'localhost', username = 'root' and database = 'new'
[21:23:37] [WARNING] duplicate connection detected: handle id 1 already exists with host = 'localhost', username = 'root' and database = 'new'
[21:24:28] [WARNING] duplicate connection detected: handle id 1 already exists with host = 'localhost', username = 'root' and database = 'new'
[21:26:46] [WARNING] duplicate connection detected: handle id 1 already exists with host = 'localhost', username = 'root' and database = 'new'
[21:29:28] [WARNING] duplicate connection detected: handle id 1 already exists with host = 'localhost', username = 'root' and database = 'new'
[21:32:32] [WARNING] duplicate connection detected: handle id 1 already exists with host = 'localhost', username = 'root' and database = 'new'
[21:35:02] [WARNING] duplicate connection detected: handle id 1 already exists with host = 'localhost', username = 'root' and database = 'new'
[21:35:32] [WARNING] duplicate connection detected: handle id 1 already exists with host = 'localhost', username = 'root' and database = 'new'
[00:40:41] [WARNING] duplicate connection detected: handle id 1 already exists with host = 'localhost', username = 'root' and database = 'new'
[00:49:43] [WARNING] duplicate connection detected: handle id 1 already exists with host = 'localhost', username = 'root' and database = 'new'
[00:50:27] [WARNING] duplicate connection detected: handle id 1 already exists with host = 'localhost', username = 'root' and database = 'new'
[00:51:35] [WARNING] duplicate connection detected: handle id 1 already exists with host = 'localhost', username = 'root' and database = 'new'
[00:52:07] [WARNING] duplicate connection detected: handle id 1 already exists with host = 'localhost', username = 'root' and database = 'new'
[00:53:46] [WARNING] duplicate connection detected: handle id 1 already exists with host = 'localhost', username = 'root' and database = 'new'
[00:54:41] [WARNING] duplicate connection detected: handle id 1 already exists with host = 'localhost', username = 'root' and database = 'new'
[00:56:18] [WARNING] duplicate connection detected: handle id 1 already exists with host = 'localhost', username = 'root' and database = 'new'
[00:58:15] [WARNING] duplicate connection detected: handle id 1 already exists with host = 'localhost', username = 'root' and database = 'new'
[00:59:50] [WARNING] duplicate connection detected: handle id 1 already exists with host = 'localhost', username = 'root' and database = 'new'
[01:03:26] [WARNING] duplicate connection detected: handle id 1 already exists with host = 'localhost', username = 'root' and database = 'new'
[01:04:34] [WARNING] duplicate connection detected: handle id 1 already exists with host = 'localhost', username = 'root' and database = 'new'
[01:06:03] [WARNING] duplicate connection detected: handle id 1 already exists with host = 'localhost', username = 'root' and database = 'new'
[01:07:02] [WARNING] duplicate connection detected: handle id 1 already exists with host = 'localhost', username = 'root' and database = 'new'
[01:10:32] [WARNING] duplicate connection detected: handle id 1 already exists with host = 'localhost', username = 'root' and database = 'new'
[01:11:43] [WARNING] duplicate connection detected: handle id 1 already exists with host = 'localhost', username = 'root' and database = 'new'
[01:13:33] [WARNING] duplicate connection detected: handle id 1 already exists with host = 'localhost', username = 'root' and database = 'new'
[01:14:44] [WARNING] duplicate connection detected: handle id 1 already exists with host = 'localhost', username = 'root' and database = 'new'
[01:16:05] [WARNING] duplicate connection detected: handle id 1 already exists with host = 'localhost', username = 'root' and database = 'new'
[01:17:13] [WARNING] duplicate connection detected: handle id 1 already exists with host = 'localhost', username = 'root' and database = 'new'
[01:19:37] [WARNING] duplicate connection detected: handle id 1 already exists with host = 'localhost', username = 'root' and database = 'new'
[01:21:42] [WARNING] duplicate connection detected: handle id 1 already exists with host = 'localhost', username = 'root' and database = 'new'
[01:23:01] [WARNING] duplicate connection detected: handle id 1 already exists with host = 'localhost', username = 'root' and database = 'new'
[01:24:02] [WARNING] duplicate connection detected: handle id 1 already exists with host = 'localhost', username = 'root' and database = 'new'
[01:27:09] [WARNING] duplicate connection detected: handle id 1 already exists with host = 'localhost', username = 'root' and database = 'new'
[01:27:41] [WARNING] duplicate connection detected: handle id 1 already exists with host = 'localhost', username = 'root' and database = 'new'
[01:28:33] [WARNING] duplicate connection detected: handle id 1 already exists with host = 'localhost', username = 'root' and database = 'new'
[01:29:13] [WARNING] duplicate connection detected: handle id 1 already exists with host = 'localhost', username = 'root' and database = 'new'
[01:29:49] [WARNING] duplicate connection detected: handle id 1 already exists with host = 'localhost', username = 'root' and database = 'new'
[01:30:25] [WARNING] duplicate connection detected: handle id 1 already exists with host = 'localhost', username = 'root' and database = 'new'
[01:31:19] [WARNING] duplicate connection detected: handle id 1 already exists with host = 'localhost', username = 'root' and database = 'new'
[01:32:05] [WARNING] duplicate connection detected: handle id 1 already exists with host = 'localhost', username = 'root' and database = 'new'
[01:32:59] [WARNING] duplicate connection detected: handle id 1 already exists with host = 'localhost', username = 'root' and database = 'new'
[01:44:31] [WARNING] duplicate connection detected: handle id 1 already exists with host = 'localhost', username = 'root' and database = 'new'
[01:46:33] [WARNING] duplicate connection detected: handle id 1 already exists with host = 'localhost', username = 'root' and database = 'new'
[01:53:54] [WARNING] duplicate connection detected: handle id 1 already exists with host = 'localhost', username = 'root' and database = 'new'
[01:55:03] [WARNING] duplicate connection detected: handle id 1 already exists with host = 'localhost', username = 'root' and database = 'new'
[01:57:21] [ERROR] error #1064 while executing query "UPDATE `players` SET `Cash` = '50', `Kills` = '0', `Deaths` = '0', `Skin` = '122', `Admin` = '1', `Admlevel` = '6', `Spawn` = '1', `OwnerHouse` = '0', `Name` = '555', `Soname` = '55'  WHERE `ID` = '2": You have an error in your SQL syntax; check the manual that corresponds to your MySQL server version for the right syntax to use near ''2' at line 1
[01:57:33] [WARNING] duplicate connection detected: handle id 1 already exists with host = 'localhost', username = 'root' and database = 'new'
[01:59:40] [ERROR] mysql_format: destination size '200' is too small
[01:59:40] [ERROR] error #1065 while executing query "": Query was empty
[01:59:40] [ERROR] mysql_format: destination size '200' is too small
[01:59:40] [ERROR] error #1065 while executing query "": Query was empty
[01:59:52] [WARNING] duplicate connection detected: handle id 1 already exists with host = 'localhost', username = 'root' and database = 'new'
[02:05:49] [ERROR] mysql_format: destination size '200' is too small
[02:05:49] [ERROR] error #1065 while executing query "": Query was empty
[02:06:00] [WARNING] duplicate connection detected: handle id 1 already exists with host = 'localhost', username = 'root' and database = 'new'
[02:07:20] [ERROR] mysql_format: destination size '200' is too small
[02:07:20] [ERROR] error #1065 while executing query "": Query was empty
[02:07:32] [WARNING] duplicate connection detected: handle id 1 already exists with host = 'localhost', username = 'root' and database = 'new'
[02:11:03] [WARNING] duplicate connection detected: handle id 1 already exists with host = 'localhost', username = 'root' and database = 'new'
[02:11:28] [WARNING] duplicate connection detected: handle id 1 already exists with host = 'localhost', username = 'root' and database = 'new'
[02:17:25] [WARNING] duplicate connection detected: handle id 1 already exists with host = 'localhost', username = 'root' and database = 'new'
[02:20:01] [WARNING] duplicate connection detected: handle id 1 already exists with host = 'localhost', username = 'root' and database = 'new'
[02:25:24] [WARNING] duplicate connection detected: handle id 1 already exists with host = 'localhost', username = 'root' and database = 'new'
[02:27:37] [WARNING] duplicate connection detected: handle id 1 already exists with host = 'localhost', username = 'root' and database = 'new'
[02:29:28] [WARNING] duplicate connection detected: handle id 1 already exists with host = 'localhost', username = 'root' and database = 'new'
[02:31:35] [WARNING] duplicate connection detected: handle id 1 already exists with host = 'localhost', username = 'root' and database = 'new'
[02:33:33] [WARNING] duplicate connection detected: handle id 1 already exists with host = 'localhost', username = 'root' and database = 'new'
[02:34:51] [WARNING] duplicate connection detected: handle id 1 already exists with host = 'localhost', username = 'root' and database = 'new'
[02:38:06] [WARNING] duplicate connection detected: handle id 1 already exists with host = 'localhost', username = 'root' and database = 'new'
[02:40:31] [WARNING] duplicate connection detected: handle id 1 already exists with host = 'localhost', username = 'root' and database = 'new'
[05:00:54] [WARNING] duplicate connection detected: handle id 1 already exists with host = 'localhost', username = 'root' and database = 'new'
[05:03:04] [WARNING] duplicate connection detected: handle id 1 already exists with host = 'localhost', username = 'root' and database = 'new'
[05:04:44] [WARNING] duplicate connection detected: handle id 1 already exists with host = 'localhost', username = 'root' and database = 'new'
[05:07:26] [WARNING] duplicate connection detected: handle id 1 already exists with host = 'localhost', username = 'root' and database = 'new'
[05:16:47] [WARNING] duplicate connection detected: handle id 1 already exists with host = 'localhost', username = 'root' and database = 'new'
[05:21:58] [WARNING] duplicate connection detected: handle id 1 already exists with host = 'localhost', username = 'root' and database = 'new'
[05:29:01] [WARNING] duplicate connection detected: handle id 1 already exists with host = 'localhost', username = 'root' and database = 'new'
[14:35:41] [WARNING] duplicate connection detected: handle id 1 already exists with host = 'localhost', username = 'root' and database = 'new'
[14:37:07] [WARNING] duplicate connection detected: handle id 1 already exists with host = 'localhost', username = 'root' and database = 'new'
[14:38:00] [WARNING] duplicate connection detected: handle id 1 already exists with host = 'localhost', username = 'root' and database = 'new'
[14:39:19] [WARNING] duplicate connection detected: handle id 1 already exists with host = 'localhost', username = 'root' and database = 'new'
[14:41:15] [WARNING] duplicate connection detected: handle id 1 already exists with host = 'localhost', username = 'root' and database = 'new'
[14:43:27] [WARNING] duplicate connection detected: handle id 1 already exists with host = 'localhost', username = 'root' and database = 'new'
[14:50:44] [WARNING] duplicate connection detected: handle id 1 already exists with host = 'localhost', username = 'root' and database = 'new'
[14:51:26] [WARNING] duplicate connection detected: handle id 1 already exists with host = 'localhost', username = 'root' and database = 'new'
[14:52:39] [WARNING] duplicate connection detected: handle id 1 already exists with host = 'localhost', username = 'root' and database = 'new'
[14:53:51] [WARNING] duplicate connection detected: handle id 1 already exists with host = 'localhost', username = 'root' and database = 'new'
[14:55:52] [WARNING] duplicate connection detected: handle id 1 already exists with host = 'localhost', username = 'root' and database = 'new'
[15:01:30] [WARNING] duplicate connection detected: handle id 1 already exists with host = 'localhost', username = 'root' and database = 'new'
[15:09:49] [WARNING] duplicate connection detected: handle id 1 already exists with host = 'localhost', username = 'root' and database = 'new'
[15:11:59] [WARNING] duplicate connection detected: handle id 1 already exists with host = 'localhost', username = 'root' and database = 'new'
[15:18:40] [WARNING] duplicate connection detected: handle id 1 already exists with host = 'localhost', username = 'root' and database = 'new'
[15:19:49] [WARNING] duplicate connection detected: handle id 1 already exists with host = 'localhost', username = 'root' and database = 'new'
[15:21:06] [WARNING] duplicate connection detected: handle id 1 already exists with host = 'localhost', username = 'root' and database = 'new'
[15:26:37] [WARNING] duplicate connection detected: handle id 1 already exists with host = 'localhost', username = 'root' and database = 'new'
[15:40:47] [WARNING] duplicate connection detected: handle id 1 already exists with host = 'localhost', username = 'root' and database = 'new'
[15:45:49] [WARNING] duplicate connection detected: handle id 1 already exists with host = 'localhost', username = 'root' and database = 'new'
[15:46:43] [WARNING] duplicate connection detected: handle id 1 already exists with host = 'localhost', username = 'root' and database = 'new'
[15:49:12] [WARNING] duplicate connection detected: handle id 1 already exists with host = 'localhost', username = 'root' and database = 'new'
[16:26:40] [WARNING] duplicate connection detected: handle id 1 already exists with host = 'localhost', username = 'root' and database = 'new'
[16:26:41] [ERROR] error #1146 while executing query "SELECT * FROM `business`": Table 'new.business' doesn't exist
